wx_pay/app/build/outputs/logs/manifest-merger-release-report.txt
-- Merging decision tree log ---
manifest
ADDED from src\main\AndroidManifest.xml:2:1-49:12
	package
		ADDED from src\main\AndroidManifest.xml:3:5-38
		INJECTED from src\main\AndroidManifest.xml
		INJECTED from src\main\AndroidManifest.xml
	android:versionName
		ADDED from src\main\AndroidManifest.xml:5:5-30
		INJECTED from src\main\AndroidManifest.xml
		INJECTED from src\main\AndroidManifest.xml
	android:versionCode
		ADDED from src\main\AndroidManifest.xml:4:5-28
		INJECTED from src\main\AndroidManifest.xml
		INJECTED from src\main\AndroidManifest.xml
	xmlns:android
		ADDED from src\main\AndroidManifest.xml:2:11-69
uses-sdk
ADDED from src\main\AndroidManifest.xml:7:5-44
	android:targetSdkVersion
		INJECTED from src\main\AndroidManifest.xml
		INJECTED from src\main\AndroidManifest.xml
	android:minSdkVersion
		ADDED from src\main\AndroidManifest.xml:7:15-41
		INJECTED from src\main\AndroidManifest.xml
		INJECTED from src\main\AndroidManifest.xml
uses-permission#android.permission.INTERNET
ADDED from src\main\AndroidManifest.xml:9:5-67
	android:name
		ADDED from src\main\AndroidManifest.xml:9:22-64
uses-permission#android.permission.MODIFY_AUDIO_SETTINGS
ADDED from src\main\AndroidManifest.xml:10:5-79
	android:name
		ADDED from src\main\AndroidManifest.xml:10:22-77
uses-permission#android.permission.WRITE_EXTERNAL_STORAGE
ADDED from src\main\AndroidManifest.xml:11:5-80
	android:name
		ADDED from src\main\AndroidManifest.xml:11:22-78
application
ADDED from src\main\AndroidManifest.xml:13:5-47:19
	android:label
		ADDED from src\main\AndroidManifest.xml:15:9-41
	android:icon
		ADDED from src\main\AndroidManifest.xml:14:9-45
activity#com.coder.kzxt.activity.wxapi.PayActivity
ADDED from src\main\AndroidManifest.xml:17:9-32:20
	android:label
		ADDED from src\main\AndroidManifest.xml:19:13-45
	android:launchMode
		ADDED from src\main\AndroidManifest.xml:21:13-43
	android:exported
		ADDED from src\main\AndroidManifest.xml:20:13-36
	android:name
		ADDED from src\main\AndroidManifest.xml:18:13-69
intent-filter#android.intent.action.MAIN+android.intent.category.LAUNCHER
ADDED from src\main\AndroidManifest.xml:22:13-25:29
action#android.intent.action.MAIN
ADDED from src\main\AndroidManifest.xml:23:17-69
	android:name
		ADDED from src\main\AndroidManifest.xml:23:25-66
category#android.intent.category.LAUNCHER
ADDED from src\main\AndroidManifest.xml:24:17-77
	android:name
		ADDED from src\main\AndroidManifest.xml:24:27-74
intent-filter#android.intent.action.VIEW+android.intent.category.DEFAULT
ADDED from src\main\AndroidManifest.xml:27:13-31:29
action#android.intent.action.VIEW
ADDED from src\main\AndroidManifest.xml:28:17-68
	android:name
		ADDED from src\main\AndroidManifest.xml:28:25-66
category#android.intent.category.DEFAULT
ADDED from src\main\AndroidManifest.xml:29:17-75
	android:name
		ADDED from src\main\AndroidManifest.xml:29:27-73
data
ADDED from src\main\AndroidManifest.xml:30:17-60
	android:scheme
		ADDED from src\main\AndroidManifest.xml:30:23-58
activity#com.coder.kzxt.activity.wxapi.WXPayEntryActivity
ADDED from src\main\AndroidManifest.xml:34:9-37:45
	android:launchMode
		ADDED from src\main\AndroidManifest.xml:37:13-43
	android:exported
		ADDED from src\main\AndroidManifest.xml:36:13-36
	android:name
		ADDED from src\main\AndroidManifest.xml:35:13-76
receiver#net.sourceforge.simcpux.AppRegister
ADDED from src\main\AndroidManifest.xml:40:9-45:20
	android:name
		ADDED from src\main\AndroidManifest.xml:41:13-63
intent-filter#com.tencent.mm.plugin.openapi.Intent.ACTION_REFRESH_WXAPP
ADDED from src\main\AndroidManifest.xml:42:13-44:29
action#com.tencent.mm.plugin.openapi.Intent.ACTION_REFRESH_WXAPP
ADDED from src\main\AndroidManifest.xml:43:17-100
	android:name
		ADDED from src\main\AndroidManifest.xml:43:25-97